<?xml version="1.0" encoding="UTF-8"?>
<testsuite xmlns:xsi="http://www.w3.org/2001/XMLSchema-instance" xsi:noNamespaceSchemaLocation="https://maven.apache.org/surefire/maven-surefire-plugin/xsd/surefire-test-report-3.0.xsd" version="3.0" name="edu.school21.repositories.EmbeddedDataSourceTest" time="0.497" tests="1" errors="0" skipped="0" failures="0">
  <properties>
[...]
</properties>
  <testcase name="testConnection" classname="edu.school21.repositories.EmbeddedDataSourceTest" time="0.496">
    <system-err><![CDATA[мар. 12, 2024 2:55:13 PM org.springframework.jdbc.datasource.embedded.EmbeddedDatabaseFactory initDatabase
INFO: Starting embedded database: url='jdbc:hsqldb:mem:testdb', username='sa'
мар. 12, 2024 2:55:13 PM org.springframework.jdbc.datasource.embedded.EmbeddedDatabaseFactory shutdownDatabase
INFO: Shutting down embedded database: url='jdbc:hsqldb:mem:testdb'
]]></system-err>
  </testcase>
</testsuite>